
------------------------------
GET /
HEADERS=> {
  "host": "localhost:2000",
  "connection": "keep-alive",
  "user-agent": "Mozilla/5.0 (Macintosh; Intel Mac OS X 10_11_6) AppleWebKit/537.36 (KHTML, like Gecko) Chrome/63.0.3239.132 Safari/537.36",
  "upgrade-insecure-requests": "1",
  "accept": "text/html,application/xhtml+xml,application/xml;q=0.9,image/webp,image/apng,*/*;q=0.8",
  "accept-encoding": "gzip, deflate, br",
  "accept-language": "en-US,en;q=0.9",
  "cookie": "logInFailed=true; sessionid=1515565637290"
}
COOKIES=> {
  "logInFailed": "true",
  "sessionid": "1515565637290"
}
BODY=> {}
------------------------------
GET /index.html
HEADERS=> {
  "host": "localhost:2000",
  "connection": "keep-alive",
  "user-agent": "Mozilla/5.0 (Macintosh; Intel Mac OS X 10_11_6) AppleWebKit/537.36 (KHTML, like Gecko) Chrome/63.0.3239.132 Safari/537.36",
  "upgrade-insecure-requests": "1",
  "accept": "text/html,application/xhtml+xml,application/xml;q=0.9,image/webp,image/apng,*/*;q=0.8",
  "accept-encoding": "gzip, deflate, br",
  "accept-language": "en-US,en;q=0.9",
  "cookie": "logInFailed=true; sessionid=1515565637290"
}
COOKIES=> {
  "logInFailed": "true",
  "sessionid": "1515565637290"
}
BODY=> {}
------------------------------
GET /style/landingPage.css
HEADERS=> {
  "host": "localhost:2000",
  "connection": "keep-alive",
  "user-agent": "Mozilla/5.0 (Macintosh; Intel Mac OS X 10_11_6) AppleWebKit/537.36 (KHTML, like Gecko) Chrome/63.0.3239.132 Safari/537.36",
  "accept": "text/css,*/*;q=0.1",
  "referer": "http://localhost:2000/index.html",
  "accept-encoding": "gzip, deflate, br",
  "accept-language": "en-US,en;q=0.9",
  "cookie": "logInFailed=true; sessionid=1515565637290"
}
COOKIES=> {
  "logInFailed": "true",
  "sessionid": "1515565637290"
}
BODY=> {}
------------------------------
GET /js/landingPage.js
HEADERS=> {
  "host": "localhost:2000",
  "connection": "keep-alive",
  "user-agent": "Mozilla/5.0 (Macintosh; Intel Mac OS X 10_11_6) AppleWebKit/537.36 (KHTML, like Gecko) Chrome/63.0.3239.132 Safari/537.36",
  "accept": "*/*",
  "referer": "http://localhost:2000/index.html",
  "accept-encoding": "gzip, deflate, br",
  "accept-language": "en-US,en;q=0.9",
  "cookie": "logInFailed=true; sessionid=1515565637290"
}
COOKIES=> {
  "logInFailed": "true",
  "sessionid": "1515565637290"
}
BODY=> {}
------------------------------
GET /img/freshorigins.jpg
HEADERS=> {
  "host": "localhost:2000",
  "connection": "keep-alive",
  "user-agent": "Mozilla/5.0 (Macintosh; Intel Mac OS X 10_11_6) AppleWebKit/537.36 (KHTML, like Gecko) Chrome/63.0.3239.132 Safari/537.36",
  "accept": "image/webp,image/apng,image/*,*/*;q=0.8",
  "referer": "http://localhost:2000/index.html",
  "accept-encoding": "gzip, deflate, br",
  "accept-language": "en-US,en;q=0.9",
  "cookie": "logInFailed=true; sessionid=1515565637290"
}
COOKIES=> {
  "logInFailed": "true",
  "sessionid": "1515565637290"
}
BODY=> {}
------------------------------
GET /img/jar.gif
HEADERS=> {
  "host": "localhost:2000",
  "connection": "keep-alive",
  "user-agent": "Mozilla/5.0 (Macintosh; Intel Mac OS X 10_11_6) AppleWebKit/537.36 (KHTML, like Gecko) Chrome/63.0.3239.132 Safari/537.36",
  "accept": "image/webp,image/apng,image/*,*/*;q=0.8",
  "referer": "http://localhost:2000/index.html",
  "accept-encoding": "gzip, deflate, br",
  "accept-language": "en-US,en;q=0.9",
  "cookie": "logInFailed=true; sessionid=1515565637290"
}
COOKIES=> {
  "logInFailed": "true",
  "sessionid": "1515565637290"
}
BODY=> {}
------------------------------
GET /loginForm.html
HEADERS=> {
  "host": "localhost:2000",
  "connection": "keep-alive",
  "upgrade-insecure-requests": "1",
  "user-agent": "Mozilla/5.0 (Macintosh; Intel Mac OS X 10_11_6) AppleWebKit/537.36 (KHTML, like Gecko) Chrome/63.0.3239.132 Safari/537.36",
  "accept": "text/html,application/xhtml+xml,application/xml;q=0.9,image/webp,image/apng,*/*;q=0.8",
  "referer": "http://localhost:2000/index.html",
  "accept-encoding": "gzip, deflate, br",
  "accept-language": "en-US,en;q=0.9",
  "cookie": "logInFailed=true; sessionid=1515565637290"
}
COOKIES=> {
  "logInFailed": "true",
  "sessionid": "1515565637290"
}
BODY=> {}
------------------------------
GET /loginForm.css
HEADERS=> {
  "host": "localhost:2000",
  "connection": "keep-alive",
  "user-agent": "Mozilla/5.0 (Macintosh; Intel Mac OS X 10_11_6) AppleWebKit/537.36 (KHTML, like Gecko) Chrome/63.0.3239.132 Safari/537.36",
  "accept": "text/css,*/*;q=0.1",
  "referer": "http://localhost:2000/loginForm.html",
  "accept-encoding": "gzip, deflate, br",
  "accept-language": "en-US,en;q=0.9",
  "cookie": "logInFailed=true; sessionid=1515565637290"
}
COOKIES=> {
  "logInFailed": "true",
  "sessionid": "1515565637290"
}
BODY=> {}
------------------------------
GET /abeliophyllum.html
HEADERS=> {
  "host": "localhost:2000",
  "connection": "keep-alive",
  "upgrade-insecure-requests": "1",
  "user-agent": "Mozilla/5.0 (Macintosh; Intel Mac OS X 10_11_6) AppleWebKit/537.36 (KHTML, like Gecko) Chrome/63.0.3239.132 Safari/537.36",
  "accept": "text/html,application/xhtml+xml,application/xml;q=0.9,image/webp,image/apng,*/*;q=0.8",
  "referer": "http://localhost:2000/index.html",
  "accept-encoding": "gzip, deflate, br",
  "accept-language": "en-US,en;q=0.9",
  "cookie": "logInFailed=true; sessionid=1515565637290"
}
COOKIES=> {
  "logInFailed": "true",
  "sessionid": "1515565637290"
}
BODY=> {}
------------------------------
GET /style/abeliophyllum.css
HEADERS=> {
  "host": "localhost:2000",
  "connection": "keep-alive",
  "user-agent": "Mozilla/5.0 (Macintosh; Intel Mac OS X 10_11_6) AppleWebKit/537.36 (KHTML, like Gecko) Chrome/63.0.3239.132 Safari/537.36",
  "accept": "text/css,*/*;q=0.1",
  "referer": "http://localhost:2000/abeliophyllum.html",
  "accept-encoding": "gzip, deflate, br",
  "accept-language": "en-US,en;q=0.9",
  "cookie": "logInFailed=true; sessionid=1515565637290"
}
COOKIES=> {
  "logInFailed": "true",
  "sessionid": "1515565637290"
}
BODY=> {}
------------------------------
GET /img/abeliophyllum.jpg
HEADERS=> {
  "host": "localhost:2000",
  "connection": "keep-alive",
  "user-agent": "Mozilla/5.0 (Macintosh; Intel Mac OS X 10_11_6) AppleWebKit/537.36 (KHTML, like Gecko) Chrome/63.0.3239.132 Safari/537.36",
  "accept": "image/webp,image/apng,image/*,*/*;q=0.8",
  "referer": "http://localhost:2000/abeliophyllum.html",
  "accept-encoding": "gzip, deflate, br",
  "accept-language": "en-US,en;q=0.9",
  "cookie": "logInFailed=true; sessionid=1515565637290"
}
COOKIES=> {
  "logInFailed": "true",
  "sessionid": "1515565637290"
}
BODY=> {}
------------------------------
GET /index.html
HEADERS=> {
  "host": "localhost:2000",
  "connection": "keep-alive",
  "upgrade-insecure-requests": "1",
  "user-agent": "Mozilla/5.0 (Macintosh; Intel Mac OS X 10_11_6) AppleWebKit/537.36 (KHTML, like Gecko) Chrome/63.0.3239.132 Safari/537.36",
  "accept": "text/html,application/xhtml+xml,application/xml;q=0.9,image/webp,image/apng,*/*;q=0.8",
  "referer": "http://localhost:2000/abeliophyllum.html",
  "accept-encoding": "gzip, deflate, br",
  "accept-language": "en-US,en;q=0.9",
  "cookie": "logInFailed=true; sessionid=1515565637290"
}
COOKIES=> {
  "logInFailed": "true",
  "sessionid": "1515565637290"
}
BODY=> {}
------------------------------
GET /style/landingPage.css
HEADERS=> {
  "host": "localhost:2000",
  "connection": "keep-alive",
  "user-agent": "Mozilla/5.0 (Macintosh; Intel Mac OS X 10_11_6) AppleWebKit/537.36 (KHTML, like Gecko) Chrome/63.0.3239.132 Safari/537.36",
  "accept": "text/css,*/*;q=0.1",
  "referer": "http://localhost:2000/index.html",
  "accept-encoding": "gzip, deflate, br",
  "accept-language": "en-US,en;q=0.9",
  "cookie": "logInFailed=true; sessionid=1515565637290"
}
COOKIES=> {
  "logInFailed": "true",
  "sessionid": "1515565637290"
}
BODY=> {}
------------------------------
GET /js/landingPage.js
HEADERS=> {
  "host": "localhost:2000",
  "connection": "keep-alive",
  "user-agent": "Mozilla/5.0 (Macintosh; Intel Mac OS X 10_11_6) AppleWebKit/537.36 (KHTML, like Gecko) Chrome/63.0.3239.132 Safari/537.36",
  "accept": "*/*",
  "referer": "http://localhost:2000/index.html",
  "accept-encoding": "gzip, deflate, br",
  "accept-language": "en-US,en;q=0.9",
  "cookie": "logInFailed=true; sessionid=1515565637290"
}
COOKIES=> {
  "logInFailed": "true",
  "sessionid": "1515565637290"
}
BODY=> {}
------------------------------
GET /img/freshorigins.jpg
HEADERS=> {
  "host": "localhost:2000",
  "connection": "keep-alive",
  "user-agent": "Mozilla/5.0 (Macintosh; Intel Mac OS X 10_11_6) AppleWebKit/537.36 (KHTML, like Gecko) Chrome/63.0.3239.132 Safari/537.36",
  "accept": "image/webp,image/apng,image/*,*/*;q=0.8",
  "referer": "http://localhost:2000/index.html",
  "accept-encoding": "gzip, deflate, br",
  "accept-language": "en-US,en;q=0.9",
  "cookie": "logInFailed=true; sessionid=1515565637290"
}
COOKIES=> {
  "logInFailed": "true",
  "sessionid": "1515565637290"
}
BODY=> {}
------------------------------
GET /img/jar.gif
HEADERS=> {
  "host": "localhost:2000",
  "connection": "keep-alive",
  "user-agent": "Mozilla/5.0 (Macintosh; Intel Mac OS X 10_11_6) AppleWebKit/537.36 (KHTML, like Gecko) Chrome/63.0.3239.132 Safari/537.36",
  "accept": "image/webp,image/apng,image/*,*/*;q=0.8",
  "referer": "http://localhost:2000/index.html",
  "accept-encoding": "gzip, deflate, br",
  "accept-language": "en-US,en;q=0.9",
  "cookie": "logInFailed=true; sessionid=1515565637290"
}
COOKIES=> {
  "logInFailed": "true",
  "sessionid": "1515565637290"
}
BODY=> {}
------------------------------
GET /ageratum.html
HEADERS=> {
  "host": "localhost:2000",
  "connection": "keep-alive",
  "upgrade-insecure-requests": "1",
  "user-agent": "Mozilla/5.0 (Macintosh; Intel Mac OS X 10_11_6) AppleWebKit/537.36 (KHTML, like Gecko) Chrome/63.0.3239.132 Safari/537.36",
  "accept": "text/html,application/xhtml+xml,application/xml;q=0.9,image/webp,image/apng,*/*;q=0.8",
  "referer": "http://localhost:2000/index.html",
  "accept-encoding": "gzip, deflate, br",
  "accept-language": "en-US,en;q=0.9",
  "cookie": "logInFailed=true; sessionid=1515565637290"
}
COOKIES=> {
  "logInFailed": "true",
  "sessionid": "1515565637290"
}
BODY=> {}
------------------------------
GET /style/ageratum.css
HEADERS=> {
  "host": "localhost:2000",
  "connection": "keep-alive",
  "user-agent": "Mozilla/5.0 (Macintosh; Intel Mac OS X 10_11_6) AppleWebKit/537.36 (KHTML, like Gecko) Chrome/63.0.3239.132 Safari/537.36",
  "accept": "text/css,*/*;q=0.1",
  "referer": "http://localhost:2000/ageratum.html",
  "accept-encoding": "gzip, deflate, br",
  "accept-language": "en-US,en;q=0.9",
  "cookie": "logInFailed=true; sessionid=1515565637290"
}
COOKIES=> {
  "logInFailed": "true",
  "sessionid": "1515565637290"
}
BODY=> {}
------------------------------
GET /img/agerantum.jpg
HEADERS=> {
  "host": "localhost:2000",
  "connection": "keep-alive",
  "user-agent": "Mozilla/5.0 (Macintosh; Intel Mac OS X 10_11_6) AppleWebKit/537.36 (KHTML, like Gecko) Chrome/63.0.3239.132 Safari/537.36",
  "accept": "image/webp,image/apng,image/*,*/*;q=0.8",
  "referer": "http://localhost:2000/ageratum.html",
  "accept-encoding": "gzip, deflate, br",
  "accept-language": "en-US,en;q=0.9",
  "cookie": "logInFailed=true; sessionid=1515565637290"
}
COOKIES=> {
  "logInFailed": "true",
  "sessionid": "1515565637290"
}
BODY=> {}
------------------------------
GET /index.html
HEADERS=> {
  "host": "localhost:2000",
  "connection": "keep-alive",
  "upgrade-insecure-requests": "1",
  "user-agent": "Mozilla/5.0 (Macintosh; Intel Mac OS X 10_11_6) AppleWebKit/537.36 (KHTML, like Gecko) Chrome/63.0.3239.132 Safari/537.36",
  "accept": "text/html,application/xhtml+xml,application/xml;q=0.9,image/webp,image/apng,*/*;q=0.8",
  "referer": "http://localhost:2000/ageratum.html",
  "accept-encoding": "gzip, deflate, br",
  "accept-language": "en-US,en;q=0.9",
  "cookie": "logInFailed=true; sessionid=1515565637290"
}
COOKIES=> {
  "logInFailed": "true",
  "sessionid": "1515565637290"
}
BODY=> {}
------------------------------
GET /style/landingPage.css
HEADERS=> {
  "host": "localhost:2000",
  "connection": "keep-alive",
  "user-agent": "Mozilla/5.0 (Macintosh; Intel Mac OS X 10_11_6) AppleWebKit/537.36 (KHTML, like Gecko) Chrome/63.0.3239.132 Safari/537.36",
  "accept": "text/css,*/*;q=0.1",
  "referer": "http://localhost:2000/index.html",
  "accept-encoding": "gzip, deflate, br",
  "accept-language": "en-US,en;q=0.9",
  "cookie": "logInFailed=true; sessionid=1515565637290"
}
COOKIES=> {
  "logInFailed": "true",
  "sessionid": "1515565637290"
}
BODY=> {}
------------------------------
GET /js/landingPage.js
HEADERS=> {
  "host": "localhost:2000",
  "connection": "keep-alive",
  "user-agent": "Mozilla/5.0 (Macintosh; Intel Mac OS X 10_11_6) AppleWebKit/537.36 (KHTML, like Gecko) Chrome/63.0.3239.132 Safari/537.36",
  "accept": "*/*",
  "referer": "http://localhost:2000/index.html",
  "accept-encoding": "gzip, deflate, br",
  "accept-language": "en-US,en;q=0.9",
  "cookie": "logInFailed=true; sessionid=1515565637290"
}
COOKIES=> {
  "logInFailed": "true",
  "sessionid": "1515565637290"
}
BODY=> {}
------------------------------
GET /img/freshorigins.jpg
HEADERS=> {
  "host": "localhost:2000",
  "connection": "keep-alive",
  "user-agent": "Mozilla/5.0 (Macintosh; Intel Mac OS X 10_11_6) AppleWebKit/537.36 (KHTML, like Gecko) Chrome/63.0.3239.132 Safari/537.36",
  "accept": "image/webp,image/apng,image/*,*/*;q=0.8",
  "referer": "http://localhost:2000/index.html",
  "accept-encoding": "gzip, deflate, br",
  "accept-language": "en-US,en;q=0.9",
  "cookie": "logInFailed=true; sessionid=1515565637290"
}
COOKIES=> {
  "logInFailed": "true",
  "sessionid": "1515565637290"
}
BODY=> {}
------------------------------
GET /img/jar.gif
HEADERS=> {
  "host": "localhost:2000",
  "connection": "keep-alive",
  "user-agent": "Mozilla/5.0 (Macintosh; Intel Mac OS X 10_11_6) AppleWebKit/537.36 (KHTML, like Gecko) Chrome/63.0.3239.132 Safari/537.36",
  "accept": "image/webp,image/apng,image/*,*/*;q=0.8",
  "referer": "http://localhost:2000/index.html",
  "accept-encoding": "gzip, deflate, br",
  "accept-language": "en-US,en;q=0.9",
  "cookie": "logInFailed=true; sessionid=1515565637290"
}
COOKIES=> {
  "logInFailed": "true",
  "sessionid": "1515565637290"
}
BODY=> {}
------------------------------
GET /loginForm.html
HEADERS=> {
  "host": "localhost:2000",
  "connection": "keep-alive",
  "upgrade-insecure-requests": "1",
  "user-agent": "Mozilla/5.0 (Macintosh; Intel Mac OS X 10_11_6) AppleWebKit/537.36 (KHTML, like Gecko) Chrome/63.0.3239.132 Safari/537.36",
  "accept": "text/html,application/xhtml+xml,application/xml;q=0.9,image/webp,image/apng,*/*;q=0.8",
  "referer": "http://localhost:2000/index.html",
  "accept-encoding": "gzip, deflate, br",
  "accept-language": "en-US,en;q=0.9",
  "cookie": "logInFailed=true; sessionid=1515565637290"
}
COOKIES=> {
  "logInFailed": "true",
  "sessionid": "1515565637290"
}
BODY=> {}
------------------------------
GET /loginForm.css
HEADERS=> {
  "host": "localhost:2000",
  "connection": "keep-alive",
  "user-agent": "Mozilla/5.0 (Macintosh; Intel Mac OS X 10_11_6) AppleWebKit/537.36 (KHTML, like Gecko) Chrome/63.0.3239.132 Safari/537.36",
  "accept": "text/css,*/*;q=0.1",
  "referer": "http://localhost:2000/loginForm.html",
  "accept-encoding": "gzip, deflate, br",
  "accept-language": "en-US,en;q=0.9",
  "cookie": "logInFailed=true; sessionid=1515565637290"
}
COOKIES=> {
  "logInFailed": "true",
  "sessionid": "1515565637290"
}
BODY=> {}
------------------------------
GET /loginForm.html
HEADERS=> {
  "host": "localhost:2000",
  "connection": "keep-alive",
  "upgrade-insecure-requests": "1",
  "user-agent": "Mozilla/5.0 (Macintosh; Intel Mac OS X 10_11_6) AppleWebKit/537.36 (KHTML, like Gecko) Chrome/63.0.3239.132 Safari/537.36",
  "accept": "text/html,application/xhtml+xml,application/xml;q=0.9,image/webp,image/apng,*/*;q=0.8",
  "referer": "http://localhost:2000/index.html",
  "accept-encoding": "gzip, deflate, br",
  "accept-language": "en-US,en;q=0.9",
  "cookie": "logInFailed=true; sessionid=1515565637290"
}
COOKIES=> {
  "logInFailed": "true",
  "sessionid": "1515565637290"
}
BODY=> {}
------------------------------
GET /loginForm.css
HEADERS=> {
  "host": "localhost:2000",
  "connection": "keep-alive",
  "user-agent": "Mozilla/5.0 (Macintosh; Intel Mac OS X 10_11_6) AppleWebKit/537.36 (KHTML, like Gecko) Chrome/63.0.3239.132 Safari/537.36",
  "accept": "text/css,*/*;q=0.1",
  "referer": "http://localhost:2000/loginForm.html",
  "accept-encoding": "gzip, deflate, br",
  "accept-language": "en-US,en;q=0.9",
  "cookie": "logInFailed=true; sessionid=1515565637290"
}
COOKIES=> {
  "logInFailed": "true",
  "sessionid": "1515565637290"
}
BODY=> {}
------------------------------
POST /login
HEADERS=> {
  "host": "localhost:2000",
  "connection": "keep-alive",
  "content-length": "28",
  "cache-control": "max-age=0",
  "origin": "http://localhost:2000",
  "upgrade-insecure-requests": "1",
  "content-type": "application/x-www-form-urlencoded",
  "user-agent": "Mozilla/5.0 (Macintosh; Intel Mac OS X 10_11_6) AppleWebKit/537.36 (KHTML, like Gecko) Chrome/63.0.3239.132 Safari/537.36",
  "accept": "text/html,application/xhtml+xml,application/xml;q=0.9,image/webp,image/apng,*/*;q=0.8",
  "referer": "http://localhost:2000/loginForm.html",
  "accept-encoding": "gzip, deflate, br",
  "accept-language": "en-US,en;q=0.9",
  "cookie": "logInFailed=true; sessionid=1515565637290"
}
COOKIES=> {
  "logInFailed": "true",
  "sessionid": "1515565637290"
}
BODY=> {
  "userName": "pragya",
  "lastName": "rai"
}
------------------------------
GET /guestBook.html
HEADERS=> {
  "host": "localhost:2000",
  "connection": "keep-alive",
  "cache-control": "max-age=0",
  "upgrade-insecure-requests": "1",
  "user-agent": "Mozilla/5.0 (Macintosh; Intel Mac OS X 10_11_6) AppleWebKit/537.36 (KHTML, like Gecko) Chrome/63.0.3239.132 Safari/537.36",
  "accept": "text/html,application/xhtml+xml,application/xml;q=0.9,image/webp,image/apng,*/*;q=0.8",
  "referer": "http://localhost:2000/loginForm.html",
  "accept-encoding": "gzip, deflate, br",
  "accept-language": "en-US,en;q=0.9",
  "cookie": "logInFailed=true; sessionid=1515565934490"
}
COOKIES=> {
  "logInFailed": "true",
  "sessionid": "1515565934490"
}
BODY=> {}
------------------------------
GET /style/guestBook.css
HEADERS=> {
  "host": "localhost:2000",
  "connection": "keep-alive",
  "user-agent": "Mozilla/5.0 (Macintosh; Intel Mac OS X 10_11_6) AppleWebKit/537.36 (KHTML, like Gecko) Chrome/63.0.3239.132 Safari/537.36",
  "accept": "text/css,*/*;q=0.1",
  "referer": "http://localhost:2000/guestBook.html",
  "accept-encoding": "gzip, deflate, br",
  "accept-language": "en-US,en;q=0.9",
  "cookie": "logInFailed=true; sessionid=1515565934490"
}
COOKIES=> {
  "logInFailed": "true",
  "sessionid": "1515565934490"
}
BODY=> {}
------------------------------
POST /guestBook
HEADERS=> {
  "host": "localhost:2000",
  "connection": "keep-alive",
  "content-length": "29",
  "cache-control": "max-age=0",
  "origin": "http://localhost:2000",
  "upgrade-insecure-requests": "1",
  "content-type": "application/x-www-form-urlencoded",
  "user-agent": "Mozilla/5.0 (Macintosh; Intel Mac OS X 10_11_6) AppleWebKit/537.36 (KHTML, like Gecko) Chrome/63.0.3239.132 Safari/537.36",
  "accept": "text/html,application/xhtml+xml,application/xml;q=0.9,image/webp,image/apng,*/*;q=0.8",
  "referer": "http://localhost:2000/guestBook.html",
  "accept-encoding": "gzip, deflate, br",
  "accept-language": "en-US,en;q=0.9",
  "cookie": "logInFailed=true; sessionid=1515565934490"
}
COOKIES=> {
  "logInFailed": "true",
  "sessionid": "1515565934490"
}
BODY=> {
  "Name": "sudhin",
  "Comment": "very+good"
}
------------------------------
GET /guestBook.html
HEADERS=> {
  "host": "localhost:2000",
  "connection": "keep-alive",
  "cache-control": "max-age=0",
  "upgrade-insecure-requests": "1",
  "user-agent": "Mozilla/5.0 (Macintosh; Intel Mac OS X 10_11_6) AppleWebKit/537.36 (KHTML, like Gecko) Chrome/63.0.3239.132 Safari/537.36",
  "accept": "text/html,application/xhtml+xml,application/xml;q=0.9,image/webp,image/apng,*/*;q=0.8",
  "referer": "http://localhost:2000/guestBook.html",
  "accept-encoding": "gzip, deflate, br",
  "accept-language": "en-US,en;q=0.9",
  "cookie": "logInFailed=true; sessionid=1515565934490"
}
COOKIES=> {
  "logInFailed": "true",
  "sessionid": "1515565934490"
}
BODY=> {}
------------------------------
GET /style/guestBook.css
HEADERS=> {
  "host": "localhost:2000",
  "connection": "keep-alive",
  "user-agent": "Mozilla/5.0 (Macintosh; Intel Mac OS X 10_11_6) AppleWebKit/537.36 (KHTML, like Gecko) Chrome/63.0.3239.132 Safari/537.36",
  "accept": "text/css,*/*;q=0.1",
  "referer": "http://localhost:2000/guestBook.html",
  "accept-encoding": "gzip, deflate, br",
  "accept-language": "en-US,en;q=0.9",
  "cookie": "logInFailed=true; sessionid=1515565934490"
}
COOKIES=> {
  "logInFailed": "true",
  "sessionid": "1515565934490"
}
BODY=> {}
------------------------------
GET /index.html
HEADERS=> {
  "host": "localhost:2000",
  "connection": "keep-alive",
  "upgrade-insecure-requests": "1",
  "user-agent": "Mozilla/5.0 (Macintosh; Intel Mac OS X 10_11_6) AppleWebKit/537.36 (KHTML, like Gecko) Chrome/63.0.3239.132 Safari/537.36",
  "accept": "text/html,application/xhtml+xml,application/xml;q=0.9,image/webp,image/apng,*/*;q=0.8",
  "referer": "http://localhost:2000/guestBook.html",
  "accept-encoding": "gzip, deflate, br",
  "accept-language": "en-US,en;q=0.9",
  "cookie": "logInFailed=true; sessionid=1515565934490"
}
COOKIES=> {
  "logInFailed": "true",
  "sessionid": "1515565934490"
}
BODY=> {}
------------------------------
GET /style/landingPage.css
HEADERS=> {
  "host": "localhost:2000",
  "connection": "keep-alive",
  "user-agent": "Mozilla/5.0 (Macintosh; Intel Mac OS X 10_11_6) AppleWebKit/537.36 (KHTML, like Gecko) Chrome/63.0.3239.132 Safari/537.36",
  "accept": "text/css,*/*;q=0.1",
  "referer": "http://localhost:2000/index.html",
  "accept-encoding": "gzip, deflate, br",
  "accept-language": "en-US,en;q=0.9",
  "cookie": "logInFailed=true; sessionid=1515565934490"
}
COOKIES=> {
  "logInFailed": "true",
  "sessionid": "1515565934490"
}
BODY=> {}
------------------------------
GET /js/landingPage.js
HEADERS=> {
  "host": "localhost:2000",
  "connection": "keep-alive",
  "user-agent": "Mozilla/5.0 (Macintosh; Intel Mac OS X 10_11_6) AppleWebKit/537.36 (KHTML, like Gecko) Chrome/63.0.3239.132 Safari/537.36",
  "accept": "*/*",
  "referer": "http://localhost:2000/index.html",
  "accept-encoding": "gzip, deflate, br",
  "accept-language": "en-US,en;q=0.9",
  "cookie": "logInFailed=true; sessionid=1515565934490"
}
COOKIES=> {
  "logInFailed": "true",
  "sessionid": "1515565934490"
}
BODY=> {}
------------------------------
GET /img/freshorigins.jpg
HEADERS=> {
  "host": "localhost:2000",
  "connection": "keep-alive",
  "user-agent": "Mozilla/5.0 (Macintosh; Intel Mac OS X 10_11_6) AppleWebKit/537.36 (KHTML, like Gecko) Chrome/63.0.3239.132 Safari/537.36",
  "accept": "image/webp,image/apng,image/*,*/*;q=0.8",
  "referer": "http://localhost:2000/index.html",
  "accept-encoding": "gzip, deflate, br",
  "accept-language": "en-US,en;q=0.9",
  "cookie": "logInFailed=true; sessionid=1515565934490"
}
COOKIES=> {
  "logInFailed": "true",
  "sessionid": "1515565934490"
}
BODY=> {}
------------------------------
GET /img/jar.gif
HEADERS=> {
  "host": "localhost:2000",
  "connection": "keep-alive",
  "user-agent": "Mozilla/5.0 (Macintosh; Intel Mac OS X 10_11_6) AppleWebKit/537.36 (KHTML, like Gecko) Chrome/63.0.3239.132 Safari/537.36",
  "accept": "image/webp,image/apng,image/*,*/*;q=0.8",
  "referer": "http://localhost:2000/index.html",
  "accept-encoding": "gzip, deflate, br",
  "accept-language": "en-US,en;q=0.9",
  "cookie": "logInFailed=true; sessionid=1515565934490"
}
COOKIES=> {
  "logInFailed": "true",
  "sessionid": "1515565934490"
}
BODY=> {}
------------------------------
GET /loginForm.html
HEADERS=> {
  "host": "localhost:2000",
  "connection": "keep-alive",
  "upgrade-insecure-requests": "1",
  "user-agent": "Mozilla/5.0 (Macintosh; Intel Mac OS X 10_11_6) AppleWebKit/537.36 (KHTML, like Gecko) Chrome/63.0.3239.132 Safari/537.36",
  "accept": "text/html,application/xhtml+xml,application/xml;q=0.9,image/webp,image/apng,*/*;q=0.8",
  "referer": "http://localhost:2000/index.html",
  "accept-encoding": "gzip, deflate, br",
  "accept-language": "en-US,en;q=0.9",
  "cookie": "logInFailed=true; sessionid=1515565934490"
}
COOKIES=> {
  "logInFailed": "true",
  "sessionid": "1515565934490"
}
BODY=> {}
------------------------------
GET /loginForm.css
HEADERS=> {
  "host": "localhost:2000",
  "connection": "keep-alive",
  "user-agent": "Mozilla/5.0 (Macintosh; Intel Mac OS X 10_11_6) AppleWebKit/537.36 (KHTML, like Gecko) Chrome/63.0.3239.132 Safari/537.36",
  "accept": "text/css,*/*;q=0.1",
  "referer": "http://localhost:2000/loginForm.html",
  "accept-encoding": "gzip, deflate, br",
  "accept-language": "en-US,en;q=0.9",
  "cookie": "logInFailed=true; sessionid=1515565934490"
}
COOKIES=> {
  "logInFailed": "true",
  "sessionid": "1515565934490"
}
BODY=> {}
------------------------------
GET /
HEADERS=> {
  "host": "localhost:2000",
  "connection": "keep-alive",
  "user-agent": "Mozilla/5.0 (Macintosh; Intel Mac OS X 10_11_6) AppleWebKit/537.36 (KHTML, like Gecko) Chrome/63.0.3239.132 Safari/537.36",
  "upgrade-insecure-requests": "1",
  "accept": "text/html,application/xhtml+xml,application/xml;q=0.9,image/webp,image/apng,*/*;q=0.8",
  "accept-encoding": "gzip, deflate, br",
  "accept-language": "en-US,en;q=0.9",
  "cookie": "logInFailed=true; sessionid=1515565934490"
}
COOKIES=> {
  "logInFailed": "true",
  "sessionid": "1515565934490"
}
BODY=> {}
------------------------------
GET /index.html
HEADERS=> {
  "host": "localhost:2000",
  "connection": "keep-alive",
  "user-agent": "Mozilla/5.0 (Macintosh; Intel Mac OS X 10_11_6) AppleWebKit/537.36 (KHTML, like Gecko) Chrome/63.0.3239.132 Safari/537.36",
  "upgrade-insecure-requests": "1",
  "accept": "text/html,application/xhtml+xml,application/xml;q=0.9,image/webp,image/apng,*/*;q=0.8",
  "accept-encoding": "gzip, deflate, br",
  "accept-language": "en-US,en;q=0.9",
  "cookie": "logInFailed=true; sessionid=1515565934490"
}
COOKIES=> {
  "logInFailed": "true",
  "sessionid": "1515565934490"
}
BODY=> {}
------------------------------
GET /style/landingPage.css
HEADERS=> {
  "host": "localhost:2000",
  "connection": "keep-alive",
  "user-agent": "Mozilla/5.0 (Macintosh; Intel Mac OS X 10_11_6) AppleWebKit/537.36 (KHTML, like Gecko) Chrome/63.0.3239.132 Safari/537.36",
  "accept": "text/css,*/*;q=0.1",
  "referer": "http://localhost:2000/index.html",
  "accept-encoding": "gzip, deflate, br",
  "accept-language": "en-US,en;q=0.9",
  "cookie": "logInFailed=true; sessionid=1515565934490"
}
COOKIES=> {
  "logInFailed": "true",
  "sessionid": "1515565934490"
}
BODY=> {}
------------------------------
GET /js/landingPage.js
HEADERS=> {
  "host": "localhost:2000",
  "connection": "keep-alive",
  "user-agent": "Mozilla/5.0 (Macintosh; Intel Mac OS X 10_11_6) AppleWebKit/537.36 (KHTML, like Gecko) Chrome/63.0.3239.132 Safari/537.36",
  "accept": "*/*",
  "referer": "http://localhost:2000/index.html",
  "accept-encoding": "gzip, deflate, br",
  "accept-language": "en-US,en;q=0.9",
  "cookie": "logInFailed=true; sessionid=1515565934490"
}
COOKIES=> {
  "logInFailed": "true",
  "sessionid": "1515565934490"
}
BODY=> {}
------------------------------
GET /img/freshorigins.jpg
HEADERS=> {
  "host": "localhost:2000",
  "connection": "keep-alive",
  "user-agent": "Mozilla/5.0 (Macintosh; Intel Mac OS X 10_11_6) AppleWebKit/537.36 (KHTML, like Gecko) Chrome/63.0.3239.132 Safari/537.36",
  "accept": "image/webp,image/apng,image/*,*/*;q=0.8",
  "referer": "http://localhost:2000/index.html",
  "accept-encoding": "gzip, deflate, br",
  "accept-language": "en-US,en;q=0.9",
  "cookie": "logInFailed=true; sessionid=1515565934490"
}
COOKIES=> {
  "logInFailed": "true",
  "sessionid": "1515565934490"
}
BODY=> {}
------------------------------
GET /img/jar.gif
HEADERS=> {
  "host": "localhost:2000",
  "connection": "keep-alive",
  "user-agent": "Mozilla/5.0 (Macintosh; Intel Mac OS X 10_11_6) AppleWebKit/537.36 (KHTML, like Gecko) Chrome/63.0.3239.132 Safari/537.36",
  "accept": "image/webp,image/apng,image/*,*/*;q=0.8",
  "referer": "http://localhost:2000/index.html",
  "accept-encoding": "gzip, deflate, br",
  "accept-language": "en-US,en;q=0.9",
  "cookie": "logInFailed=true; sessionid=1515565934490"
}
COOKIES=> {
  "logInFailed": "true",
  "sessionid": "1515565934490"
}
BODY=> {}
------------------------------
GET /loginForm.html
HEADERS=> {
  "host": "localhost:2000",
  "connection": "keep-alive",
  "upgrade-insecure-requests": "1",
  "user-agent": "Mozilla/5.0 (Macintosh; Intel Mac OS X 10_11_6) AppleWebKit/537.36 (KHTML, like Gecko) Chrome/63.0.3239.132 Safari/537.36",
  "accept": "text/html,application/xhtml+xml,application/xml;q=0.9,image/webp,image/apng,*/*;q=0.8",
  "referer": "http://localhost:2000/index.html",
  "accept-encoding": "gzip, deflate, br",
  "accept-language": "en-US,en;q=0.9",
  "cookie": "logInFailed=true; sessionid=1515565934490"
}
COOKIES=> {
  "logInFailed": "true",
  "sessionid": "1515565934490"
}
BODY=> {}
------------------------------
GET /loginForm.css
HEADERS=> {
  "host": "localhost:2000",
  "connection": "keep-alive",
  "user-agent": "Mozilla/5.0 (Macintosh; Intel Mac OS X 10_11_6) AppleWebKit/537.36 (KHTML, like Gecko) Chrome/63.0.3239.132 Safari/537.36",
  "accept": "text/css,*/*;q=0.1",
  "referer": "http://localhost:2000/loginForm.html",
  "accept-encoding": "gzip, deflate, br",
  "accept-language": "en-US,en;q=0.9",
  "cookie": "logInFailed=true; sessionid=1515565934490"
}
COOKIES=> {
  "logInFailed": "true",
  "sessionid": "1515565934490"
}
BODY=> {}
------------------------------
POST /login
HEADERS=> {
  "host": "localhost:2000",
  "connection": "keep-alive",
  "content-length": "28",
  "cache-control": "max-age=0",
  "origin": "http://localhost:2000",
  "upgrade-insecure-requests": "1",
  "content-type": "application/x-www-form-urlencoded",
  "user-agent": "Mozilla/5.0 (Macintosh; Intel Mac OS X 10_11_6) AppleWebKit/537.36 (KHTML, like Gecko) Chrome/63.0.3239.132 Safari/537.36",
  "accept": "text/html,application/xhtml+xml,application/xml;q=0.9,image/webp,image/apng,*/*;q=0.8",
  "referer": "http://localhost:2000/loginForm.html",
  "accept-encoding": "gzip, deflate, br",
  "accept-language": "en-US,en;q=0.9",
  "cookie": "logInFailed=true; sessionid=1515565934490"
}
COOKIES=> {
  "logInFailed": "true",
  "sessionid": "1515565934490"
}
BODY=> {
  "userName": "pragya",
  "lastName": "rai"
}
------------------------------
GET /guestBook.html
HEADERS=> {
  "host": "localhost:2000",
  "connection": "keep-alive",
  "cache-control": "max-age=0",
  "upgrade-insecure-requests": "1",
  "user-agent": "Mozilla/5.0 (Macintosh; Intel Mac OS X 10_11_6) AppleWebKit/537.36 (KHTML, like Gecko) Chrome/63.0.3239.132 Safari/537.36",
  "accept": "text/html,application/xhtml+xml,application/xml;q=0.9,image/webp,image/apng,*/*;q=0.8",
  "referer": "http://localhost:2000/loginForm.html",
  "accept-encoding": "gzip, deflate, br",
  "accept-language": "en-US,en;q=0.9",
  "cookie": "logInFailed=true; sessionid=1515566194807"
}
COOKIES=> {
  "logInFailed": "true",
  "sessionid": "1515566194807"
}
BODY=> {}
------------------------------
GET /style/guestBook.css
HEADERS=> {
  "host": "localhost:2000",
  "connection": "keep-alive",
  "user-agent": "Mozilla/5.0 (Macintosh; Intel Mac OS X 10_11_6) AppleWebKit/537.36 (KHTML, like Gecko) Chrome/63.0.3239.132 Safari/537.36",
  "accept": "text/css,*/*;q=0.1",
  "referer": "http://localhost:2000/guestBook.html",
  "accept-encoding": "gzip, deflate, br",
  "accept-language": "en-US,en;q=0.9",
  "cookie": "logInFailed=true; sessionid=1515566194807"
}
COOKIES=> {
  "logInFailed": "true",
  "sessionid": "1515566194807"
}
BODY=> {}
------------------------------
GET /
HEADERS=> {
  "host": "localhost:2000",
  "connection": "keep-alive",
  "user-agent": "Mozilla/5.0 (Macintosh; Intel Mac OS X 10_11_6) AppleWebKit/537.36 (KHTML, like Gecko) Chrome/63.0.3239.132 Safari/537.36",
  "upgrade-insecure-requests": "1",
  "accept": "text/html,application/xhtml+xml,application/xml;q=0.9,image/webp,image/apng,*/*;q=0.8",
  "accept-encoding": "gzip, deflate, br",
  "accept-language": "en-US,en;q=0.9",
  "cookie": "logInFailed=true; sessionid=1515566194807"
}
COOKIES=> {
  "logInFailed": "true",
  "sessionid": "1515566194807"
}
BODY=> {}
------------------------------
GET /index.html
HEADERS=> {
  "host": "localhost:2000",
  "connection": "keep-alive",
  "user-agent": "Mozilla/5.0 (Macintosh; Intel Mac OS X 10_11_6) AppleWebKit/537.36 (KHTML, like Gecko) Chrome/63.0.3239.132 Safari/537.36",
  "upgrade-insecure-requests": "1",
  "accept": "text/html,application/xhtml+xml,application/xml;q=0.9,image/webp,image/apng,*/*;q=0.8",
  "accept-encoding": "gzip, deflate, br",
  "accept-language": "en-US,en;q=0.9",
  "cookie": "logInFailed=true; sessionid=1515566194807"
}
COOKIES=> {
  "logInFailed": "true",
  "sessionid": "1515566194807"
}
BODY=> {}
------------------------------
GET /js/landingPage.js
HEADERS=> {
  "host": "localhost:2000",
  "connection": "keep-alive",
  "user-agent": "Mozilla/5.0 (Macintosh; Intel Mac OS X 10_11_6) AppleWebKit/537.36 (KHTML, like Gecko) Chrome/63.0.3239.132 Safari/537.36",
  "accept": "*/*",
  "referer": "http://localhost:2000/index.html",
  "accept-encoding": "gzip, deflate, br",
  "accept-language": "en-US,en;q=0.9",
  "cookie": "logInFailed=true; sessionid=1515566194807"
}
COOKIES=> {
  "logInFailed": "true",
  "sessionid": "1515566194807"
}
BODY=> {}
------------------------------
GET /style/landingPage.css
HEADERS=> {
  "host": "localhost:2000",
  "connection": "keep-alive",
  "user-agent": "Mozilla/5.0 (Macintosh; Intel Mac OS X 10_11_6) AppleWebKit/537.36 (KHTML, like Gecko) Chrome/63.0.3239.132 Safari/537.36",
  "accept": "text/css,*/*;q=0.1",
  "referer": "http://localhost:2000/index.html",
  "accept-encoding": "gzip, deflate, br",
  "accept-language": "en-US,en;q=0.9",
  "cookie": "logInFailed=true; sessionid=1515566194807"
}
COOKIES=> {
  "logInFailed": "true",
  "sessionid": "1515566194807"
}
BODY=> {}
------------------------------
GET /img/freshorigins.jpg
HEADERS=> {
  "host": "localhost:2000",
  "connection": "keep-alive",
  "user-agent": "Mozilla/5.0 (Macintosh; Intel Mac OS X 10_11_6) AppleWebKit/537.36 (KHTML, like Gecko) Chrome/63.0.3239.132 Safari/537.36",
  "accept": "image/webp,image/apng,image/*,*/*;q=0.8",
  "referer": "http://localhost:2000/index.html",
  "accept-encoding": "gzip, deflate, br",
  "accept-language": "en-US,en;q=0.9",
  "cookie": "logInFailed=true; sessionid=1515566194807"
}
COOKIES=> {
  "logInFailed": "true",
  "sessionid": "1515566194807"
}
BODY=> {}
------------------------------
GET /img/jar.gif
HEADERS=> {
  "host": "localhost:2000",
  "connection": "keep-alive",
  "user-agent": "Mozilla/5.0 (Macintosh; Intel Mac OS X 10_11_6) AppleWebKit/537.36 (KHTML, like Gecko) Chrome/63.0.3239.132 Safari/537.36",
  "accept": "image/webp,image/apng,image/*,*/*;q=0.8",
  "referer": "http://localhost:2000/index.html",
  "accept-encoding": "gzip, deflate, br",
  "accept-language": "en-US,en;q=0.9",
  "cookie": "logInFailed=true; sessionid=1515566194807"
}
COOKIES=> {
  "logInFailed": "true",
  "sessionid": "1515566194807"
}
BODY=> {}
------------------------------
GET /guestBook.html
HEADERS=> {
  "host": "localhost:2000",
  "connection": "keep-alive",
  "upgrade-insecure-requests": "1",
  "user-agent": "Mozilla/5.0 (Macintosh; Intel Mac OS X 10_11_6) AppleWebKit/537.36 (KHTML, like Gecko) Chrome/63.0.3239.132 Safari/537.36",
  "accept": "text/html,application/xhtml+xml,application/xml;q=0.9,image/webp,image/apng,*/*;q=0.8",
  "referer": "http://localhost:2000/index.html",
  "accept-encoding": "gzip, deflate, br",
  "accept-language": "en-US,en;q=0.9",
  "cookie": "logInFailed=true; sessionid=1515566194807"
}
COOKIES=> {
  "logInFailed": "true",
  "sessionid": "1515566194807"
}
BODY=> {}
------------------------------
GET /style/guestBook.css
HEADERS=> {
  "host": "localhost:2000",
  "connection": "keep-alive",
  "user-agent": "Mozilla/5.0 (Macintosh; Intel Mac OS X 10_11_6) AppleWebKit/537.36 (KHTML, like Gecko) Chrome/63.0.3239.132 Safari/537.36",
  "accept": "text/css,*/*;q=0.1",
  "referer": "http://localhost:2000/guestBook.html",
  "accept-encoding": "gzip, deflate, br",
  "accept-language": "en-US,en;q=0.9",
  "cookie": "logInFailed=true; sessionid=1515566194807"
}
COOKIES=> {
  "logInFailed": "true",
  "sessionid": "1515566194807"
}
BODY=> {}
------------------------------
GET /guestBook.html
HEADERS=> {
  "host": "localhost:2000",
  "connection": "keep-alive",
  "cache-control": "max-age=0",
  "user-agent": "Mozilla/5.0 (Macintosh; Intel Mac OS X 10_11_6) AppleWebKit/537.36 (KHTML, like Gecko) Chrome/63.0.3239.132 Safari/537.36",
  "upgrade-insecure-requests": "1",
  "accept": "text/html,application/xhtml+xml,application/xml;q=0.9,image/webp,image/apng,*/*;q=0.8",
  "referer": "http://localhost:2000/index.html",
  "accept-encoding": "gzip, deflate, br",
  "accept-language": "en-US,en;q=0.9",
  "cookie": "logInFailed=true; sessionid=1515566194807"
}
COOKIES=> {
  "logInFailed": "true",
  "sessionid": "1515566194807"
}
BODY=> {}
------------------------------
GET /style/guestBook.css
HEADERS=> {
  "host": "localhost:2000",
  "connection": "keep-alive",
  "user-agent": "Mozilla/5.0 (Macintosh; Intel Mac OS X 10_11_6) AppleWebKit/537.36 (KHTML, like Gecko) Chrome/63.0.3239.132 Safari/537.36",
  "accept": "text/css,*/*;q=0.1",
  "referer": "http://localhost:2000/guestBook.html",
  "accept-encoding": "gzip, deflate, br",
  "accept-language": "en-US,en;q=0.9",
  "cookie": "logInFailed=true; sessionid=1515566194807"
}
COOKIES=> {
  "logInFailed": "true",
  "sessionid": "1515566194807"
}
BODY=> {}
------------------------------
GET /guestBook.html
HEADERS=> {
  "host": "localhost:2000",
  "connection": "keep-alive",
  "cache-control": "max-age=0",
  "user-agent": "Mozilla/5.0 (Macintosh; Intel Mac OS X 10_11_6) AppleWebKit/537.36 (KHTML, like Gecko) Chrome/63.0.3239.132 Safari/537.36",
  "upgrade-insecure-requests": "1",
  "accept": "text/html,application/xhtml+xml,application/xml;q=0.9,image/webp,image/apng,*/*;q=0.8",
  "referer": "http://localhost:2000/index.html",
  "accept-encoding": "gzip, deflate, br",
  "accept-language": "en-US,en;q=0.9",
  "cookie": "logInFailed=true; sessionid=1515566194807"
}
COOKIES=> {
  "logInFailed": "true",
  "sessionid": "1515566194807"
}
BODY=> {}
------------------------------
GET /style/guestBook.css
HEADERS=> {
  "host": "localhost:2000",
  "connection": "keep-alive",
  "user-agent": "Mozilla/5.0 (Macintosh; Intel Mac OS X 10_11_6) AppleWebKit/537.36 (KHTML, like Gecko) Chrome/63.0.3239.132 Safari/537.36",
  "accept": "text/css,*/*;q=0.1",
  "referer": "http://localhost:2000/guestBook.html",
  "accept-encoding": "gzip, deflate, br",
  "accept-language": "en-US,en;q=0.9",
  "cookie": "logInFailed=true; sessionid=1515566194807"
}
COOKIES=> {
  "logInFailed": "true",
  "sessionid": "1515566194807"
}
BODY=> {}
------------------------------
GET /loginForm.html
HEADERS=> {
  "host": "localhost:2000",
  "connection": "keep-alive",
  "upgrade-insecure-requests": "1",
  "user-agent": "Mozilla/5.0 (Macintosh; Intel Mac OS X 10_11_6) AppleWebKit/537.36 (KHTML, like Gecko) Chrome/63.0.3239.132 Safari/537.36",
  "accept": "text/html,application/xhtml+xml,application/xml;q=0.9,image/webp,image/apng,*/*;q=0.8",
  "referer": "http://localhost:2000/guestBook.html",
  "accept-encoding": "gzip, deflate, br",
  "accept-language": "en-US,en;q=0.9",
  "cookie": "logInFailed=true; sessionid=1515566194807"
}
COOKIES=> {
  "logInFailed": "true",
  "sessionid": "1515566194807"
}
BODY=> {}
------------------------------
GET /loginForm.css
HEADERS=> {
  "host": "localhost:2000",
  "connection": "keep-alive",
  "user-agent": "Mozilla/5.0 (Macintosh; Intel Mac OS X 10_11_6) AppleWebKit/537.36 (KHTML, like Gecko) Chrome/63.0.3239.132 Safari/537.36",
  "accept": "text/css,*/*;q=0.1",
  "referer": "http://localhost:2000/loginForm.html",
  "accept-encoding": "gzip, deflate, br",
  "accept-language": "en-US,en;q=0.9",
  "cookie": "logInFailed=true; sessionid=1515566194807"
}
COOKIES=> {
  "logInFailed": "true",
  "sessionid": "1515566194807"
}
BODY=> {}
------------------------------
GET /loginForm.html
HEADERS=> {
  "host": "localhost:2000",
  "connection": "keep-alive",
  "cache-control": "max-age=0",
  "user-agent": "Mozilla/5.0 (Macintosh; Intel Mac OS X 10_11_6) AppleWebKit/537.36 (KHTML, like Gecko) Chrome/63.0.3239.132 Safari/537.36",
  "upgrade-insecure-requests": "1",
  "accept": "text/html,application/xhtml+xml,application/xml;q=0.9,image/webp,image/apng,*/*;q=0.8",
  "referer": "http://localhost:2000/guestBook.html",
  "accept-encoding": "gzip, deflate, br",
  "accept-language": "en-US,en;q=0.9",
  "cookie": "logInFailed=true; sessionid=1515566194807"
}
COOKIES=> {
  "logInFailed": "true",
  "sessionid": "1515566194807"
}
BODY=> {}
------------------------------
GET /loginForm.css
HEADERS=> {
  "host": "localhost:2000",
  "connection": "keep-alive",
  "user-agent": "Mozilla/5.0 (Macintosh; Intel Mac OS X 10_11_6) AppleWebKit/537.36 (KHTML, like Gecko) Chrome/63.0.3239.132 Safari/537.36",
  "accept": "text/css,*/*;q=0.1",
  "referer": "http://localhost:2000/loginForm.html",
  "accept-encoding": "gzip, deflate, br",
  "accept-language": "en-US,en;q=0.9",
  "cookie": "logInFailed=true; sessionid=1515566194807"
}
COOKIES=> {
  "logInFailed": "true",
  "sessionid": "1515566194807"
}
BODY=> {}
------------------------------
POST /login
HEADERS=> {
  "host": "localhost:2000",
  "connection": "keep-alive",
  "content-length": "28",
  "cache-control": "max-age=0",
  "origin": "http://localhost:2000",
  "upgrade-insecure-requests": "1",
  "content-type": "application/x-www-form-urlencoded",
  "user-agent": "Mozilla/5.0 (Macintosh; Intel Mac OS X 10_11_6) AppleWebKit/537.36 (KHTML, like Gecko) Chrome/63.0.3239.132 Safari/537.36",
  "accept": "text/html,application/xhtml+xml,application/xml;q=0.9,image/webp,image/apng,*/*;q=0.8",
  "referer": "http://localhost:2000/loginForm.html",
  "accept-encoding": "gzip, deflate, br",
  "accept-language": "en-US,en;q=0.9",
  "cookie": "logInFailed=true; sessionid=1515566194807"
}
COOKIES=> {
  "logInFailed": "true",
  "sessionid": "1515566194807"
}
BODY=> {
  "userName": "pragya",
  "lastName": "rai"
}
------------------------------
GET /guestBook.html
HEADERS=> {
  "host": "localhost:2000",
  "connection": "keep-alive",
  "cache-control": "max-age=0",
  "upgrade-insecure-requests": "1",
  "user-agent": "Mozilla/5.0 (Macintosh; Intel Mac OS X 10_11_6) AppleWebKit/537.36 (KHTML, like Gecko) Chrome/63.0.3239.132 Safari/537.36",
  "accept": "text/html,application/xhtml+xml,application/xml;q=0.9,image/webp,image/apng,*/*;q=0.8",
  "referer": "http://localhost:2000/loginForm.html",
  "accept-encoding": "gzip, deflate, br",
  "accept-language": "en-US,en;q=0.9",
  "cookie": "logInFailed=true; sessionid=1515568728075"
}
COOKIES=> {
  "logInFailed": "true",
  "sessionid": "1515568728075"
}
BODY=> {}
------------------------------
GET /style/guestBook.css
HEADERS=> {
  "host": "localhost:2000",
  "connection": "keep-alive",
  "user-agent": "Mozilla/5.0 (Macintosh; Intel Mac OS X 10_11_6) AppleWebKit/537.36 (KHTML, like Gecko) Chrome/63.0.3239.132 Safari/537.36",
  "accept": "text/css,*/*;q=0.1",
  "referer": "http://localhost:2000/guestBook.html",
  "accept-encoding": "gzip, deflate, br",
  "accept-language": "en-US,en;q=0.9",
  "cookie": "logInFailed=true; sessionid=1515568728075"
}
COOKIES=> {
  "logInFailed": "true",
  "sessionid": "1515568728075"
}
BODY=> {}
------------------------------
GET /loginForm.html
HEADERS=> {
  "host": "localhost:2000",
  "connection": "keep-alive",
  "upgrade-insecure-requests": "1",
  "user-agent": "Mozilla/5.0 (Macintosh; Intel Mac OS X 10_11_6) AppleWebKit/537.36 (KHTML, like Gecko) Chrome/63.0.3239.132 Safari/537.36",
  "accept": "text/html,application/xhtml+xml,application/xml;q=0.9,image/webp,image/apng,*/*;q=0.8",
  "referer": "http://localhost:2000/guestBook.html",
  "accept-encoding": "gzip, deflate, br",
  "accept-language": "en-US,en;q=0.9",
  "cookie": "logInFailed=true; sessionid=1515568728075"
}
COOKIES=> {
  "logInFailed": "true",
  "sessionid": "1515568728075"
}
BODY=> {}
------------------------------
GET /loginForm.css
HEADERS=> {
  "host": "localhost:2000",
  "connection": "keep-alive",
  "user-agent": "Mozilla/5.0 (Macintosh; Intel Mac OS X 10_11_6) AppleWebKit/537.36 (KHTML, like Gecko) Chrome/63.0.3239.132 Safari/537.36",
  "accept": "text/css,*/*;q=0.1",
  "referer": "http://localhost:2000/loginForm.html",
  "accept-encoding": "gzip, deflate, br",
  "accept-language": "en-US,en;q=0.9",
  "cookie": "logInFailed=true; sessionid=1515568728075"
}
COOKIES=> {
  "logInFailed": "true",
  "sessionid": "1515568728075"
}
BODY=> {}
------------------------------
POST /login
HEADERS=> {
  "host": "localhost:2000",
  "connection": "keep-alive",
  "content-length": "28",
  "cache-control": "max-age=0",
  "origin": "http://localhost:2000",
  "upgrade-insecure-requests": "1",
  "content-type": "application/x-www-form-urlencoded",
  "user-agent": "Mozilla/5.0 (Macintosh; Intel Mac OS X 10_11_6) AppleWebKit/537.36 (KHTML, like Gecko) Chrome/63.0.3239.132 Safari/537.36",
  "accept": "text/html,application/xhtml+xml,application/xml;q=0.9,image/webp,image/apng,*/*;q=0.8",
  "referer": "http://localhost:2000/loginForm.html",
  "accept-encoding": "gzip, deflate, br",
  "accept-language": "en-US,en;q=0.9",
  "cookie": "logInFailed=true; sessionid=1515568728075"
}
COOKIES=> {
  "logInFailed": "true",
  "sessionid": "1515568728075"
}
BODY=> {
  "userName": "iejqwei",
  "lastName": "kw"
}
------------------------------
GET /loginForm.html
HEADERS=> {
  "host": "localhost:2000",
  "connection": "keep-alive",
  "cache-control": "max-age=0",
  "upgrade-insecure-requests": "1",
  "user-agent": "Mozilla/5.0 (Macintosh; Intel Mac OS X 10_11_6) AppleWebKit/537.36 (KHTML, like Gecko) Chrome/63.0.3239.132 Safari/537.36",
  "accept": "text/html,application/xhtml+xml,application/xml;q=0.9,image/webp,image/apng,*/*;q=0.8",
  "referer": "http://localhost:2000/loginForm.html",
  "accept-encoding": "gzip, deflate, br",
  "accept-language": "en-US,en;q=0.9",
  "cookie": "logInFailed=true; sessionid=1515568728075"
}
COOKIES=> {
  "logInFailed": "true",
  "sessionid": "1515568728075"
}
BODY=> {}
------------------------------
GET /loginForm.css
HEADERS=> {
  "host": "localhost:2000",
  "connection": "keep-alive",
  "user-agent": "Mozilla/5.0 (Macintosh; Intel Mac OS X 10_11_6) AppleWebKit/537.36 (KHTML, like Gecko) Chrome/63.0.3239.132 Safari/537.36",
  "accept": "text/css,*/*;q=0.1",
  "referer": "http://localhost:2000/loginForm.html",
  "accept-encoding": "gzip, deflate, br",
  "accept-language": "en-US,en;q=0.9",
  "cookie": "logInFailed=true; sessionid=1515568728075"
}
COOKIES=> {
  "logInFailed": "true",
  "sessionid": "1515568728075"
}
BODY=> {}
------------------------------
POST /login
HEADERS=> {
  "host": "localhost:2000",
  "connection": "keep-alive",
  "content-length": "31",
  "cache-control": "max-age=0",
  "origin": "http://localhost:2000",
  "upgrade-insecure-requests": "1",
  "content-type": "application/x-www-form-urlencoded",
  "user-agent": "Mozilla/5.0 (Macintosh; Intel Mac OS X 10_11_6) AppleWebKit/537.36 (KHTML, like Gecko) Chrome/63.0.3239.132 Safari/537.36",
  "accept": "text/html,application/xhtml+xml,application/xml;q=0.9,image/webp,image/apng,*/*;q=0.8",
  "referer": "http://localhost:2000/loginForm.html",
  "accept-encoding": "gzip, deflate, br",
  "accept-language": "en-US,en;q=0.9",
  "cookie": "logInFailed=true; sessionid=1515568728075"
}
COOKIES=> {
  "logInFailed": "true",
  "sessionid": "1515568728075"
}
BODY=> {
  "userName": "p3ejioe",
  "lastName": "wkdnw"
}
------------------------------
GET /loginForm.html
HEADERS=> {
  "host": "localhost:2000",
  "connection": "keep-alive",
  "cache-control": "max-age=0",
  "upgrade-insecure-requests": "1",
  "user-agent": "Mozilla/5.0 (Macintosh; Intel Mac OS X 10_11_6) AppleWebKit/537.36 (KHTML, like Gecko) Chrome/63.0.3239.132 Safari/537.36",
  "accept": "text/html,application/xhtml+xml,application/xml;q=0.9,image/webp,image/apng,*/*;q=0.8",
  "referer": "http://localhost:2000/loginForm.html",
  "accept-encoding": "gzip, deflate, br",
  "accept-language": "en-US,en;q=0.9",
  "cookie": "logInFailed=true; sessionid=1515568728075"
}
COOKIES=> {
  "logInFailed": "true",
  "sessionid": "1515568728075"
}
BODY=> {}
------------------------------
GET /loginForm.css
HEADERS=> {
  "host": "localhost:2000",
  "connection": "keep-alive",
  "user-agent": "Mozilla/5.0 (Macintosh; Intel Mac OS X 10_11_6) AppleWebKit/537.36 (KHTML, like Gecko) Chrome/63.0.3239.132 Safari/537.36",
  "accept": "text/css,*/*;q=0.1",
  "referer": "http://localhost:2000/loginForm.html",
  "accept-encoding": "gzip, deflate, br",
  "accept-language": "en-US,en;q=0.9",
  "cookie": "logInFailed=true; sessionid=1515568728075"
}
COOKIES=> {
  "logInFailed": "true",
  "sessionid": "1515568728075"
}
BODY=> {}
------------------------------
GET /loginForm.html
HEADERS=> {
  "host": "localhost:2000",
  "connection": "keep-alive",
  "cache-control": "max-age=0",
  "user-agent": "Mozilla/5.0 (Macintosh; Intel Mac OS X 10_11_6) AppleWebKit/537.36 (KHTML, like Gecko) Chrome/63.0.3239.132 Safari/537.36",
  "upgrade-insecure-requests": "1",
  "accept": "text/html,application/xhtml+xml,application/xml;q=0.9,image/webp,image/apng,*/*;q=0.8",
  "referer": "http://localhost:2000/loginForm.html",
  "accept-encoding": "gzip, deflate, br",
  "accept-language": "en-US,en;q=0.9",
  "cookie": "logInFailed=true; sessionid=1515568728075"
}
COOKIES=> {
  "logInFailed": "true",
  "sessionid": "1515568728075"
}
BODY=> {}
------------------------------
GET /loginForm.css
HEADERS=> {
  "host": "localhost:2000",
  "connection": "keep-alive",
  "user-agent": "Mozilla/5.0 (Macintosh; Intel Mac OS X 10_11_6) AppleWebKit/537.36 (KHTML, like Gecko) Chrome/63.0.3239.132 Safari/537.36",
  "accept": "text/css,*/*;q=0.1",
  "referer": "http://localhost:2000/loginForm.html",
  "accept-encoding": "gzip, deflate, br",
  "accept-language": "en-US,en;q=0.9",
  "cookie": "logInFailed=true; sessionid=1515568728075"
}
COOKIES=> {
  "logInFailed": "true",
  "sessionid": "1515568728075"
}
BODY=> {}
------------------------------
GET /guestBook.html
HEADERS=> {
  "host": "localhost:2000",
  "connection": "keep-alive",
  "cache-control": "max-age=0",
  "user-agent": "Mozilla/5.0 (Macintosh; Intel Mac OS X 10_11_6) AppleWebKit/537.36 (KHTML, like Gecko) Chrome/63.0.3239.132 Safari/537.36",
  "upgrade-insecure-requests": "1",
  "accept": "text/html,application/xhtml+xml,application/xml;q=0.9,image/webp,image/apng,*/*;q=0.8",
  "referer": "http://localhost:2000/loginForm.html",
  "accept-encoding": "gzip, deflate, br",
  "accept-language": "en-US,en;q=0.9",
  "cookie": "logInFailed=true; sessionid=1515568728075"
}
COOKIES=> {
  "logInFailed": "true",
  "sessionid": "1515568728075"
}
BODY=> {}
------------------------------
GET /style/guestBook.css
HEADERS=> {
  "host": "localhost:2000",
  "connection": "keep-alive",
  "user-agent": "Mozilla/5.0 (Macintosh; Intel Mac OS X 10_11_6) AppleWebKit/537.36 (KHTML, like Gecko) Chrome/63.0.3239.132 Safari/537.36",
  "accept": "text/css,*/*;q=0.1",
  "referer": "http://localhost:2000/guestBook.html",
  "accept-encoding": "gzip, deflate, br",
  "accept-language": "en-US,en;q=0.9",
  "cookie": "logInFailed=true; sessionid=1515568728075"
}
COOKIES=> {
  "logInFailed": "true",
  "sessionid": "1515568728075"
}
BODY=> {}
------------------------------
GET /guestBook.html
HEADERS=> {
  "host": "localhost:2000",
  "connection": "keep-alive",
  "cache-control": "max-age=0",
  "user-agent": "Mozilla/5.0 (Macintosh; Intel Mac OS X 10_11_6) AppleWebKit/537.36 (KHTML, like Gecko) Chrome/63.0.3239.132 Safari/537.36",
  "upgrade-insecure-requests": "1",
  "accept": "text/html,application/xhtml+xml,application/xml;q=0.9,image/webp,image/apng,*/*;q=0.8",
  "referer": "http://localhost:2000/loginForm.html",
  "accept-encoding": "gzip, deflate, br",
  "accept-language": "en-US,en;q=0.9",
  "cookie": "logInFailed=true; sessionid=1515568728075"
}
COOKIES=> {
  "logInFailed": "true",
  "sessionid": "1515568728075"
}
BODY=> {}
------------------------------
GET /style/guestBook.css
HEADERS=> {
  "host": "localhost:2000",
  "connection": "keep-alive",
  "user-agent": "Mozilla/5.0 (Macintosh; Intel Mac OS X 10_11_6) AppleWebKit/537.36 (KHTML, like Gecko) Chrome/63.0.3239.132 Safari/537.36",
  "accept": "text/css,*/*;q=0.1",
  "referer": "http://localhost:2000/guestBook.html",
  "accept-encoding": "gzip, deflate, br",
  "accept-language": "en-US,en;q=0.9",
  "cookie": "logInFailed=true; sessionid=1515568728075"
}
COOKIES=> {
  "logInFailed": "true",
  "sessionid": "1515568728075"
}
BODY=> {}
------------------------------
GET /index.html
HEADERS=> {
  "host": "localhost:2000",
  "connection": "keep-alive",
  "upgrade-insecure-requests": "1",
  "user-agent": "Mozilla/5.0 (Macintosh; Intel Mac OS X 10_11_6) AppleWebKit/537.36 (KHTML, like Gecko) Chrome/63.0.3239.132 Safari/537.36",
  "accept": "text/html,application/xhtml+xml,application/xml;q=0.9,image/webp,image/apng,*/*;q=0.8",
  "referer": "http://localhost:2000/guestBook.html",
  "accept-encoding": "gzip, deflate, br",
  "accept-language": "en-US,en;q=0.9",
  "cookie": "logInFailed=true; sessionid=1515568728075"
}
COOKIES=> {
  "logInFailed": "true",
  "sessionid": "1515568728075"
}
BODY=> {}
------------------------------
GET /style/landingPage.css
HEADERS=> {
  "host": "localhost:2000",
  "connection": "keep-alive",
  "user-agent": "Mozilla/5.0 (Macintosh; Intel Mac OS X 10_11_6) AppleWebKit/537.36 (KHTML, like Gecko) Chrome/63.0.3239.132 Safari/537.36",
  "accept": "text/css,*/*;q=0.1",
  "referer": "http://localhost:2000/index.html",
  "accept-encoding": "gzip, deflate, br",
  "accept-language": "en-US,en;q=0.9",
  "cookie": "logInFailed=true; sessionid=1515568728075"
}
COOKIES=> {
  "logInFailed": "true",
  "sessionid": "1515568728075"
}
BODY=> {}
------------------------------
GET /js/landingPage.js
HEADERS=> {
  "host": "localhost:2000",
  "connection": "keep-alive",
  "user-agent": "Mozilla/5.0 (Macintosh; Intel Mac OS X 10_11_6) AppleWebKit/537.36 (KHTML, like Gecko) Chrome/63.0.3239.132 Safari/537.36",
  "accept": "*/*",
  "referer": "http://localhost:2000/index.html",
  "accept-encoding": "gzip, deflate, br",
  "accept-language": "en-US,en;q=0.9",
  "cookie": "logInFailed=true; sessionid=1515568728075"
}
COOKIES=> {
  "logInFailed": "true",
  "sessionid": "1515568728075"
}
BODY=> {}
------------------------------
GET /img/freshorigins.jpg
HEADERS=> {
  "host": "localhost:2000",
  "connection": "keep-alive",
  "user-agent": "Mozilla/5.0 (Macintosh; Intel Mac OS X 10_11_6) AppleWebKit/537.36 (KHTML, like Gecko) Chrome/63.0.3239.132 Safari/537.36",
  "accept": "image/webp,image/apng,image/*,*/*;q=0.8",
  "referer": "http://localhost:2000/index.html",
  "accept-encoding": "gzip, deflate, br",
  "accept-language": "en-US,en;q=0.9",
  "cookie": "logInFailed=true; sessionid=1515568728075"
}
COOKIES=> {
  "logInFailed": "true",
  "sessionid": "1515568728075"
}
BODY=> {}
------------------------------
GET /img/jar.gif
HEADERS=> {
  "host": "localhost:2000",
  "connection": "keep-alive",
  "user-agent": "Mozilla/5.0 (Macintosh; Intel Mac OS X 10_11_6) AppleWebKit/537.36 (KHTML, like Gecko) Chrome/63.0.3239.132 Safari/537.36",
  "accept": "image/webp,image/apng,image/*,*/*;q=0.8",
  "referer": "http://localhost:2000/index.html",
  "accept-encoding": "gzip, deflate, br",
  "accept-language": "en-US,en;q=0.9",
  "cookie": "logInFailed=true; sessionid=1515568728075"
}
COOKIES=> {
  "logInFailed": "true",
  "sessionid": "1515568728075"
}
BODY=> {}
------------------------------
GET /guestBook.html
HEADERS=> {
  "host": "localhost:2000",
  "connection": "keep-alive",
  "upgrade-insecure-requests": "1",
  "user-agent": "Mozilla/5.0 (Macintosh; Intel Mac OS X 10_11_6) AppleWebKit/537.36 (KHTML, like Gecko) Chrome/63.0.3239.132 Safari/537.36",
  "accept": "text/html,application/xhtml+xml,application/xml;q=0.9,image/webp,image/apng,*/*;q=0.8",
  "referer": "http://localhost:2000/index.html",
  "accept-encoding": "gzip, deflate, br",
  "accept-language": "en-US,en;q=0.9",
  "cookie": "logInFailed=true; sessionid=1515568728075"
}
COOKIES=> {
  "logInFailed": "true",
  "sessionid": "1515568728075"
}
BODY=> {}
------------------------------
GET /style/guestBook.css
HEADERS=> {
  "host": "localhost:2000",
  "connection": "keep-alive",
  "user-agent": "Mozilla/5.0 (Macintosh; Intel Mac OS X 10_11_6) AppleWebKit/537.36 (KHTML, like Gecko) Chrome/63.0.3239.132 Safari/537.36",
  "accept": "text/css,*/*;q=0.1",
  "referer": "http://localhost:2000/guestBook.html",
  "accept-encoding": "gzip, deflate, br",
  "accept-language": "en-US,en;q=0.9",
  "cookie": "logInFailed=true; sessionid=1515568728075"
}
COOKIES=> {
  "logInFailed": "true",
  "sessionid": "1515568728075"
}
BODY=> {}
------------------------------
GET /loginForm.html
HEADERS=> {
  "host": "localhost:2000",
  "connection": "keep-alive",
  "upgrade-insecure-requests": "1",
  "user-agent": "Mozilla/5.0 (Macintosh; Intel Mac OS X 10_11_6) AppleWebKit/537.36 (KHTML, like Gecko) Chrome/63.0.3239.132 Safari/537.36",
  "accept": "text/html,application/xhtml+xml,application/xml;q=0.9,image/webp,image/apng,*/*;q=0.8",
  "referer": "http://localhost:2000/guestBook.html",
  "accept-encoding": "gzip, deflate, br",
  "accept-language": "en-US,en;q=0.9",
  "cookie": "logInFailed=true; sessionid=1515568728075"
}
COOKIES=> {
  "logInFailed": "true",
  "sessionid": "1515568728075"
}
BODY=> {}
------------------------------
GET /loginForm.css
HEADERS=> {
  "host": "localhost:2000",
  "connection": "keep-alive",
  "user-agent": "Mozilla/5.0 (Macintosh; Intel Mac OS X 10_11_6) AppleWebKit/537.36 (KHTML, like Gecko) Chrome/63.0.3239.132 Safari/537.36",
  "accept": "text/css,*/*;q=0.1",
  "referer": "http://localhost:2000/loginForm.html",
  "accept-encoding": "gzip, deflate, br",
  "accept-language": "en-US,en;q=0.9",
  "cookie": "logInFailed=true; sessionid=1515568728075"
}
COOKIES=> {
  "logInFailed": "true",
  "sessionid": "1515568728075"
}
BODY=> {}
------------------------------
GET /guestBook.html
HEADERS=> {
  "host": "localhost:2000",
  "connection": "keep-alive",
  "cache-control": "max-age=0",
  "user-agent": "Mozilla/5.0 (Macintosh; Intel Mac OS X 10_11_6) AppleWebKit/537.36 (KHTML, like Gecko) Chrome/63.0.3239.132 Safari/537.36",
  "upgrade-insecure-requests": "1",
  "accept": "text/html,application/xhtml+xml,application/xml;q=0.9,image/webp,image/apng,*/*;q=0.8",
  "referer": "http://localhost:2000/index.html",
  "accept-encoding": "gzip, deflate, br",
  "accept-language": "en-US,en;q=0.9",
  "cookie": "logInFailed=true; sessionid=1515568728075"
}
COOKIES=> {
  "logInFailed": "true",
  "sessionid": "1515568728075"
}
BODY=> {}
------------------------------
GET /style/guestBook.css
HEADERS=> {
  "host": "localhost:2000",
  "connection": "keep-alive",
  "user-agent": "Mozilla/5.0 (Macintosh; Intel Mac OS X 10_11_6) AppleWebKit/537.36 (KHTML, like Gecko) Chrome/63.0.3239.132 Safari/537.36",
  "accept": "text/css,*/*;q=0.1",
  "referer": "http://localhost:2000/guestBook.html",
  "accept-encoding": "gzip, deflate, br",
  "accept-language": "en-US,en;q=0.9",
  "cookie": "logInFailed=true; sessionid=1515568728075"
}
COOKIES=> {
  "logInFailed": "true",
  "sessionid": "1515568728075"
}
BODY=> {}
------------------------------
GET /guestBook.html
HEADERS=> {
  "host": "localhost:2000",
  "connection": "keep-alive",
  "cache-control": "max-age=0",
  "user-agent": "Mozilla/5.0 (Macintosh; Intel Mac OS X 10_11_6) AppleWebKit/537.36 (KHTML, like Gecko) Chrome/63.0.3239.132 Safari/537.36",
  "upgrade-insecure-requests": "1",
  "accept": "text/html,application/xhtml+xml,application/xml;q=0.9,image/webp,image/apng,*/*;q=0.8",
  "referer": "http://localhost:2000/index.html",
  "accept-encoding": "gzip, deflate, br",
  "accept-language": "en-US,en;q=0.9",
  "cookie": "logInFailed=true; sessionid=1515568728075"
}
COOKIES=> {
  "logInFailed": "true",
  "sessionid": "1515568728075"
}
BODY=> {}
------------------------------
GET /style/guestBook.css
HEADERS=> {
  "host": "localhost:2000",
  "connection": "keep-alive",
  "user-agent": "Mozilla/5.0 (Macintosh; Intel Mac OS X 10_11_6) AppleWebKit/537.36 (KHTML, like Gecko) Chrome/63.0.3239.132 Safari/537.36",
  "accept": "text/css,*/*;q=0.1",
  "referer": "http://localhost:2000/guestBook.html",
  "accept-encoding": "gzip, deflate, br",
  "accept-language": "en-US,en;q=0.9",
  "cookie": "logInFailed=true; sessionid=1515568728075"
}
COOKIES=> {
  "logInFailed": "true",
  "sessionid": "1515568728075"
}
BODY=> {}
------------------------------
GET /guestBook.html
HEADERS=> {
  "host": "localhost:2000",
  "connection": "keep-alive",
  "cache-control": "max-age=0",
  "user-agent": "Mozilla/5.0 (Macintosh; Intel Mac OS X 10_11_6) AppleWebKit/537.36 (KHTML, like Gecko) Chrome/63.0.3239.132 Safari/537.36",
  "upgrade-insecure-requests": "1",
  "accept": "text/html,application/xhtml+xml,application/xml;q=0.9,image/webp,image/apng,*/*;q=0.8",
  "referer": "http://localhost:2000/index.html",
  "accept-encoding": "gzip, deflate, br",
  "accept-language": "en-US,en;q=0.9",
  "cookie": "logInFailed=true; sessionid=1515568728075"
}
COOKIES=> {
  "logInFailed": "true",
  "sessionid": "1515568728075"
}
BODY=> {}
------------------------------
GET /style/guestBook.css
HEADERS=> {
  "host": "localhost:2000",
  "connection": "keep-alive",
  "user-agent": "Mozilla/5.0 (Macintosh; Intel Mac OS X 10_11_6) AppleWebKit/537.36 (KHTML, like Gecko) Chrome/63.0.3239.132 Safari/537.36",
  "accept": "text/css,*/*;q=0.1",
  "referer": "http://localhost:2000/guestBook.html",
  "accept-encoding": "gzip, deflate, br",
  "accept-language": "en-US,en;q=0.9",
  "cookie": "logInFailed=true; sessionid=1515568728075"
}
COOKIES=> {
  "logInFailed": "true",
  "sessionid": "1515568728075"
}
BODY=> {}
------------------------------
GET /loginForm.html
HEADERS=> {
  "host": "localhost:2000",
  "connection": "keep-alive",
  "upgrade-insecure-requests": "1",
  "user-agent": "Mozilla/5.0 (Macintosh; Intel Mac OS X 10_11_6) AppleWebKit/537.36 (KHTML, like Gecko) Chrome/63.0.3239.132 Safari/537.36",
  "accept": "text/html,application/xhtml+xml,application/xml;q=0.9,image/webp,image/apng,*/*;q=0.8",
  "referer": "http://localhost:2000/guestBook.html",
  "accept-encoding": "gzip, deflate, br",
  "accept-language": "en-US,en;q=0.9",
  "cookie": "logInFailed=true; sessionid=1515568728075"
}
COOKIES=> {
  "logInFailed": "true",
  "sessionid": "1515568728075"
}
BODY=> {}
------------------------------
GET /loginForm.css
HEADERS=> {
  "host": "localhost:2000",
  "connection": "keep-alive",
  "user-agent": "Mozilla/5.0 (Macintosh; Intel Mac OS X 10_11_6) AppleWebKit/537.36 (KHTML, like Gecko) Chrome/63.0.3239.132 Safari/537.36",
  "accept": "text/css,*/*;q=0.1",
  "referer": "http://localhost:2000/loginForm.html",
  "accept-encoding": "gzip, deflate, br",
  "accept-language": "en-US,en;q=0.9",
  "cookie": "logInFailed=true; sessionid=1515568728075"
}
COOKIES=> {
  "logInFailed": "true",
  "sessionid": "1515568728075"
}
BODY=> {}
------------------------------
POST /login
HEADERS=> {
  "host": "localhost:2000",
  "connection": "keep-alive",
  "content-length": "28",
  "cache-control": "max-age=0",
  "origin": "http://localhost:2000",
  "upgrade-insecure-requests": "1",
  "content-type": "application/x-www-form-urlencoded",
  "user-agent": "Mozilla/5.0 (Macintosh; Intel Mac OS X 10_11_6) AppleWebKit/537.36 (KHTML, like Gecko) Chrome/63.0.3239.132 Safari/537.36",
  "accept": "text/html,application/xhtml+xml,application/xml;q=0.9,image/webp,image/apng,*/*;q=0.8",
  "referer": "http://localhost:2000/loginForm.html",
  "accept-encoding": "gzip, deflate, br",
  "accept-language": "en-US,en;q=0.9",
  "cookie": "logInFailed=true; sessionid=1515568728075"
}
COOKIES=> {
  "logInFailed": "true",
  "sessionid": "1515568728075"
}
BODY=> {
  "userName": "pragya",
  "lastName": "rai"
}
------------------------------
GET /guestBook.html
HEADERS=> {
  "host": "localhost:2000",
  "connection": "keep-alive",
  "cache-control": "max-age=0",
  "upgrade-insecure-requests": "1",
  "user-agent": "Mozilla/5.0 (Macintosh; Intel Mac OS X 10_11_6) AppleWebKit/537.36 (KHTML, like Gecko) Chrome/63.0.3239.132 Safari/537.36",
  "accept": "text/html,application/xhtml+xml,application/xml;q=0.9,image/webp,image/apng,*/*;q=0.8",
  "referer": "http://localhost:2000/loginForm.html",
  "accept-encoding": "gzip, deflate, br",
  "accept-language": "en-US,en;q=0.9",
  "cookie": "logInFailed=true; sessionid=1515569045268"
}
COOKIES=> {
  "logInFailed": "true",
  "sessionid": "1515569045268"
}
BODY=> {}
------------------------------
GET /style/guestBook.css
HEADERS=> {
  "host": "localhost:2000",
  "connection": "keep-alive",
  "user-agent": "Mozilla/5.0 (Macintosh; Intel Mac OS X 10_11_6) AppleWebKit/537.36 (KHTML, like Gecko) Chrome/63.0.3239.132 Safari/537.36",
  "accept": "text/css,*/*;q=0.1",
  "referer": "http://localhost:2000/guestBook.html",
  "accept-encoding": "gzip, deflate, br",
  "accept-language": "en-US,en;q=0.9",
  "cookie": "logInFailed=true; sessionid=1515569045268"
}
COOKIES=> {
  "logInFailed": "true",
  "sessionid": "1515569045268"
}
BODY=> {}
------------------------------
GET /index.html
HEADERS=> {
  "host": "localhost:2000",
  "connection": "keep-alive",
  "upgrade-insecure-requests": "1",
  "user-agent": "Mozilla/5.0 (Macintosh; Intel Mac OS X 10_11_6) AppleWebKit/537.36 (KHTML, like Gecko) Chrome/63.0.3239.132 Safari/537.36",
  "accept": "text/html,application/xhtml+xml,application/xml;q=0.9,image/webp,image/apng,*/*;q=0.8",
  "referer": "http://localhost:2000/guestBook.html",
  "accept-encoding": "gzip, deflate, br",
  "accept-language": "en-US,en;q=0.9",
  "cookie": "logInFailed=true; sessionid=1515569045268"
}
COOKIES=> {
  "logInFailed": "true",
  "sessionid": "1515569045268"
}
BODY=> {}
------------------------------
GET /style/landingPage.css
HEADERS=> {
  "host": "localhost:2000",
  "connection": "keep-alive",
  "user-agent": "Mozilla/5.0 (Macintosh; Intel Mac OS X 10_11_6) AppleWebKit/537.36 (KHTML, like Gecko) Chrome/63.0.3239.132 Safari/537.36",
  "accept": "text/css,*/*;q=0.1",
  "referer": "http://localhost:2000/index.html",
  "accept-encoding": "gzip, deflate, br",
  "accept-language": "en-US,en;q=0.9",
  "cookie": "logInFailed=true; sessionid=1515569045268"
}
COOKIES=> {
  "logInFailed": "true",
  "sessionid": "1515569045268"
}
BODY=> {}
------------------------------
GET /js/landingPage.js
HEADERS=> {
  "host": "localhost:2000",
  "connection": "keep-alive",
  "user-agent": "Mozilla/5.0 (Macintosh; Intel Mac OS X 10_11_6) AppleWebKit/537.36 (KHTML, like Gecko) Chrome/63.0.3239.132 Safari/537.36",
  "accept": "*/*",
  "referer": "http://localhost:2000/index.html",
  "accept-encoding": "gzip, deflate, br",
  "accept-language": "en-US,en;q=0.9",
  "cookie": "logInFailed=true; sessionid=1515569045268"
}
COOKIES=> {
  "logInFailed": "true",
  "sessionid": "1515569045268"
}
BODY=> {}
------------------------------
GET /img/freshorigins.jpg
HEADERS=> {
  "host": "localhost:2000",
  "connection": "keep-alive",
  "user-agent": "Mozilla/5.0 (Macintosh; Intel Mac OS X 10_11_6) AppleWebKit/537.36 (KHTML, like Gecko) Chrome/63.0.3239.132 Safari/537.36",
  "accept": "image/webp,image/apng,image/*,*/*;q=0.8",
  "referer": "http://localhost:2000/index.html",
  "accept-encoding": "gzip, deflate, br",
  "accept-language": "en-US,en;q=0.9",
  "cookie": "logInFailed=true; sessionid=1515569045268"
}
COOKIES=> {
  "logInFailed": "true",
  "sessionid": "1515569045268"
}
BODY=> {}
------------------------------
GET /img/jar.gif
HEADERS=> {
  "host": "localhost:2000",
  "connection": "keep-alive",
  "user-agent": "Mozilla/5.0 (Macintosh; Intel Mac OS X 10_11_6) AppleWebKit/537.36 (KHTML, like Gecko) Chrome/63.0.3239.132 Safari/537.36",
  "accept": "image/webp,image/apng,image/*,*/*;q=0.8",
  "referer": "http://localhost:2000/index.html",
  "accept-encoding": "gzip, deflate, br",
  "accept-language": "en-US,en;q=0.9",
  "cookie": "logInFailed=true; sessionid=1515569045268"
}
COOKIES=> {
  "logInFailed": "true",
  "sessionid": "1515569045268"
}
BODY=> {}
------------------------------
GET /guestBook.html
HEADERS=> {
  "host": "localhost:2000",
  "connection": "keep-alive",
  "upgrade-insecure-requests": "1",
  "user-agent": "Mozilla/5.0 (Macintosh; Intel Mac OS X 10_11_6) AppleWebKit/537.36 (KHTML, like Gecko) Chrome/63.0.3239.132 Safari/537.36",
  "accept": "text/html,application/xhtml+xml,application/xml;q=0.9,image/webp,image/apng,*/*;q=0.8",
  "referer": "http://localhost:2000/index.html",
  "accept-encoding": "gzip, deflate, br",
  "accept-language": "en-US,en;q=0.9",
  "cookie": "logInFailed=true; sessionid=1515569045268"
}
COOKIES=> {
  "logInFailed": "true",
  "sessionid": "1515569045268"
}
BODY=> {}
------------------------------
GET /style/guestBook.css
HEADERS=> {
  "host": "localhost:2000",
  "connection": "keep-alive",
  "user-agent": "Mozilla/5.0 (Macintosh; Intel Mac OS X 10_11_6) AppleWebKit/537.36 (KHTML, like Gecko) Chrome/63.0.3239.132 Safari/537.36",
  "accept": "text/css,*/*;q=0.1",
  "referer": "http://localhost:2000/guestBook.html",
  "accept-encoding": "gzip, deflate, br",
  "accept-language": "en-US,en;q=0.9",
  "cookie": "logInFailed=true; sessionid=1515569045268"
}
COOKIES=> {
  "logInFailed": "true",
  "sessionid": "1515569045268"
}
BODY=> {}
------------------------------
GET /loginForm.html
HEADERS=> {
  "host": "localhost:2000",
  "connection": "keep-alive",
  "upgrade-insecure-requests": "1",
  "user-agent": "Mozilla/5.0 (Macintosh; Intel Mac OS X 10_11_6) AppleWebKit/537.36 (KHTML, like Gecko) Chrome/63.0.3239.132 Safari/537.36",
  "accept": "text/html,application/xhtml+xml,application/xml;q=0.9,image/webp,image/apng,*/*;q=0.8",
  "referer": "http://localhost:2000/guestBook.html",
  "accept-encoding": "gzip, deflate, br",
  "accept-language": "en-US,en;q=0.9",
  "cookie": "logInFailed=true; sessionid=1515569045268"
}
COOKIES=> {
  "logInFailed": "true",
  "sessionid": "1515569045268"
}
BODY=> {}
------------------------------
GET /loginForm.css
HEADERS=> {
  "host": "localhost:2000",
  "connection": "keep-alive",
  "user-agent": "Mozilla/5.0 (Macintosh; Intel Mac OS X 10_11_6) AppleWebKit/537.36 (KHTML, like Gecko) Chrome/63.0.3239.132 Safari/537.36",
  "accept": "text/css,*/*;q=0.1",
  "referer": "http://localhost:2000/loginForm.html",
  "accept-encoding": "gzip, deflate, br",
  "accept-language": "en-US,en;q=0.9",
  "cookie": "logInFailed=true; sessionid=1515569045268"
}
COOKIES=> {
  "logInFailed": "true",
  "sessionid": "1515569045268"
}
BODY=> {}
